Build started 4/5/2014 12:08:37 PM.
     1>Project "C:\Users\Ady\Documents\Visual Studio 2012\Projects\chelt\chelt\chelt.vcxproj" on node 2 (Build target(s)).
     1>ClCompile:
         C:\Program Files (x86)\Microsoft Visual Studio 11.0\VC\bin\CL.exe /c /Zi /nologo /W3 /WX- /sdl /Od /Oy- /D WIN32 /D _DEBUG /D _CONSOLE /D _UNICODE /D UNICODE /Gm /EHsc /RTC1 /MDd /GS /fp:precise /Zc:wchar_t /Zc:forScope /Yu"stdafx.h" /Fp"Debug\chelt.pch" /Fo"Debug\\" /Fd"Debug\vc110.pdb" /Gd /TP /analyze- /errorReport:prompt chelt.cpp
         chelt.cpp
     1>chelt.cpp(9): error C3861: 'system': identifier not found
     1>Done Building Project "C:\Users\Ady\Documents\Visual Studio 2012\Projects\chelt\chelt\chelt.vcxproj" (Build target(s)) -- FAILED.

Build FAILED.

Time Elapsed 00:00:00.11
